2024-04-29  7:28:57 0 [Note] Starting MariaDB 10.11.4-MariaDB source revision 4e2b93dffef2414a11ca5edc8d215f57ee5010e5 as process 8698
2024-04-29  7:28:57 0 [Note] InnoDB: Compressed tables use zlib 1.2.13
2024-04-29  7:28:57 0 [Note] InnoDB: Number of transaction pools: 1
2024-04-29  7:28:57 0 [Note] InnoDB: Using generic crc32 instructions
2024-04-29  7:28:57 0 [Note] libmariadbd-10.11.4.so: O_TMPFILE is not supported on /storage/emulated/0/Venter/HopWeb/Projects/yeu/.hopweb/mysql/tmp (disabling future attempts)
2024-04-29  7:28:57 0 [Note] InnoDB: Initializing buffer pool, total size = 128.000MiB, chunk size = 2.000MiB
2024-04-29  7:28:57 0 [Note] InnoDB: Completed initialization of buffer pool
2024-04-29  7:28:57 0 [Note] InnoDB: Buffered log writes (block size=512 bytes)
2024-04-29  7:28:57 0 [Note] InnoDB: Starting crash recovery from checkpoint LSN=46590
2024-04-29  7:28:57 0 [Note] InnoDB: Starting final batch to recover 8 pages from redo log.
2024-04-29  7:28:57 0 [Note] InnoDB: 128 rollback segments are active.
2024-04-29  7:28:57 0 [Note] InnoDB: Removed temporary tablespace data file: "./ibtmp1"
2024-04-29  7:28:57 0 [Note] InnoDB: Setting file './ibtmp1' size to 12.000MiB. Physically writing the file full; Please wait ...
2024-04-29  7:28:57 0 [Note] InnoDB: File './ibtmp1' size is now 12.000MiB.
2024-04-29  7:28:57 0 [Note] InnoDB: log sequence number 47030; transaction id 16
2024-04-29  7:28:57 0 [Note] InnoDB: Loading buffer pool(s) from /storage/emulated/0/Venter/HopWeb/Projects/yeu/.hopweb/mysql/data/ib_buffer_pool
2024-04-29  7:28:57 0 [Note] Plugin 'FEEDBACK' is disabled.
2024-04-29  7:28:57 0 [Note] InnoDB: Buffer pool(s) load completed at 240429  7:28:57
2024-04-29  7:28:57 0 [Note] Server socket created on IP: '::'.
2024-04-29  7:28:57 0 [Note] Server socket created on IP: '0.0.0.0'.
2024-04-29  7:28:57 0 [Note] /data/app/com.venter.hopweb-tCZ6tUiUOAfQNs7tfMxuIg==/lib/arm64/libmariadbd-10.11.4.so: ready for connections.
Version: '10.11.4-MariaDB'  socket: '/data/data/com.venter.hopweb/files/mysql/mysql.sock'  port: 3306  MariaDB Server
2024-04-29  7:33:38 0 [Note] Starting MariaDB 10.11.4-MariaDB source revision 4e2b93dffef2414a11ca5edc8d215f57ee5010e5 as process 11551
2024-04-29  7:33:38 0 [Note] InnoDB: Compressed tables use zlib 1.2.13
2024-04-29  7:33:38 0 [Note] InnoDB: Number of transaction pools: 1
2024-04-29  7:33:38 0 [Note] InnoDB: Using generic crc32 instructions
2024-04-29  7:33:38 0 [Note] libmariadbd-10.11.4.so: O_TMPFILE is not supported on /storage/emulated/0/Venter/HopWeb/Projects/yeu/.hopweb/mysql/tmp (disabling future attempts)
2024-04-29  7:33:38 0 [Note] InnoDB: Initializing buffer pool, total size = 128.000MiB, chunk size = 2.000MiB
2024-04-29  7:33:38 0 [Note] InnoDB: Completed initialization of buffer pool
2024-04-29  7:33:38 0 [Note] InnoDB: Buffered log writes (block size=512 bytes)
2024-04-29  7:33:38 0 [Note] InnoDB: Starting crash recovery from checkpoint LSN=46590
2024-04-29  7:33:38 0 [Note] InnoDB: Starting final batch to recover 8 pages from redo log.
2024-04-29  7:33:38 0 [Note] InnoDB: 128 rollback segments are active.
2024-04-29  7:33:38 0 [Note] InnoDB: Removed temporary tablespace data file: "./ibtmp1"
2024-04-29  7:33:38 0 [Note] InnoDB: Setting file './ibtmp1' size to 12.000MiB. Physically writing the file full; Please wait ...
2024-04-29  7:33:39 0 [Note] InnoDB: File './ibtmp1' size is now 12.000MiB.
2024-04-29  7:33:39 0 [Note] InnoDB: log sequence number 47046; transaction id 16
2024-04-29  7:33:39 0 [Note] Plugin 'FEEDBACK' is disabled.
2024-04-29  7:33:39 0 [Note] InnoDB: Loading buffer pool(s) from /storage/emulated/0/Venter/HopWeb/Projects/yeu/.hopweb/mysql/data/ib_buffer_pool
2024-04-29  7:33:39 0 [Note] InnoDB: Buffer pool(s) load completed at 240429  7:33:39
2024-04-29  7:33:39 0 [Note] Server socket created on IP: '::'.
2024-04-29  7:33:39 0 [Note] Server socket created on IP: '0.0.0.0'.
2024-04-29  7:33:39 0 [Note] /data/app/com.venter.hopweb-tCZ6tUiUOAfQNs7tfMxuIg==/lib/arm64/libmariadbd-10.11.4.so: ready for connections.
Version: '10.11.4-MariaDB'  socket: '/data/data/com.venter.hopweb/files/mysql/mysql.sock'  port: 3306  MariaDB Server
2024-04-29  7:41:28 0 [Note] Starting MariaDB 10.11.4-MariaDB source revision 4e2b93dffef2414a11ca5edc8d215f57ee5010e5 as process 16678
2024-04-29  7:41:28 0 [Note] InnoDB: Compressed tables use zlib 1.2.13
2024-04-29  7:41:28 0 [Note] InnoDB: Number of transaction pools: 1
2024-04-29  7:41:28 0 [Note] InnoDB: Using generic crc32 instructions
2024-04-29  7:41:28 0 [Note] libmariadbd-10.11.4.so: O_TMPFILE is not supported on /storage/emulated/0/Venter/HopWeb/Projects/yeu/.hopweb/mysql/tmp (disabling future attempts)
2024-04-29  7:41:28 0 [Note] InnoDB: Initializing buffer pool, total size = 128.000MiB, chunk size = 2.000MiB
2024-04-29  7:41:28 0 [Note] InnoDB: Completed initialization of buffer pool
2024-04-29  7:41:28 0 [Note] InnoDB: Buffered log writes (block size=512 bytes)
2024-04-29  7:41:28 0 [Note] InnoDB: Starting crash recovery from checkpoint LSN=46590
2024-04-29  7:41:29 0 [Note] InnoDB: Starting final batch to recover 8 pages from redo log.
2024-04-29  7:41:29 0 [Note] InnoDB: 128 rollback segments are active.
2024-04-29  7:41:29 0 [Note] InnoDB: Removed temporary tablespace data file: "./ibtmp1"
2024-04-29  7:41:29 0 [Note] InnoDB: Setting file './ibtmp1' size to 12.000MiB. Physically writing the file full; Please wait ...
2024-04-29  7:41:29 0 [Note] InnoDB: File './ibtmp1' size is now 12.000MiB.
2024-04-29  7:41:29 0 [Note] InnoDB: log sequence number 47062; transaction id 16
2024-04-29  7:41:29 0 [Note] InnoDB: Loading buffer pool(s) from /storage/emulated/0/Venter/HopWeb/Projects/yeu/.hopweb/mysql/data/ib_buffer_pool
2024-04-29  7:41:29 0 [Note] Plugin 'FEEDBACK' is disabled.
2024-04-29  7:41:29 0 [Note] InnoDB: Buffer pool(s) load completed at 240429  7:41:29
2024-04-29  7:41:29 0 [Note] Server socket created on IP: '::'.
2024-04-29  7:41:29 0 [Note] Server socket created on IP: '0.0.0.0'.
2024-04-29  7:41:29 0 [Note] /data/app/com.venter.hopweb-tCZ6tUiUOAfQNs7tfMxuIg==/lib/arm64/libmariadbd-10.11.4.so: ready for connections.
Version: '10.11.4-MariaDB'  socket: '/data/data/com.venter.hopweb/files/mysql/mysql.sock'  port: 3306  MariaDB Server
2024-04-29  7:43:57 0 [Note] Starting MariaDB 10.11.4-MariaDB source revision 4e2b93dffef2414a11ca5edc8d215f57ee5010e5 as process 18068
2024-04-29  7:43:57 0 [Note] InnoDB: Compressed tables use zlib 1.2.13
2024-04-29  7:43:57 0 [Note] InnoDB: Number of transaction pools: 1
2024-04-29  7:43:57 0 [Note] InnoDB: Using generic crc32 instructions
2024-04-29  7:43:57 0 [Note] libmariadbd-10.11.4.so: O_TMPFILE is not supported on /storage/emulated/0/Venter/HopWeb/Projects/yeu/.hopweb/mysql/tmp (disabling future attempts)
2024-04-29  7:43:57 0 [Note] InnoDB: Initializing buffer pool, total size = 128.000MiB, chunk size = 2.000MiB
2024-04-29  7:43:57 0 [Note] InnoDB: Completed initialization of buffer pool
2024-04-29  7:43:57 0 [Note] InnoDB: Buffered log writes (block size=512 bytes)
2024-04-29  7:43:57 0 [Note] InnoDB: Starting crash recovery from checkpoint LSN=46590
2024-04-29  7:43:57 0 [Note] InnoDB: Starting final batch to recover 8 pages from redo log.
2024-04-29  7:43:57 0 [Note] InnoDB: 128 rollback segments are active.
2024-04-29  7:43:57 0 [Note] InnoDB: Removed temporary tablespace data file: "./ibtmp1"
2024-04-29  7:43:57 0 [Note] InnoDB: Setting file './ibtmp1' size to 12.000MiB. Physically writing the file full; Please wait ...
2024-04-29  7:43:57 0 [Note] InnoDB: File './ibtmp1' size is now 12.000MiB.
2024-04-29  7:43:57 0 [Note] InnoDB: log sequence number 47078; transaction id 16
2024-04-29  7:43:57 0 [Note] InnoDB: Loading buffer pool(s) from /storage/emulated/0/Venter/HopWeb/Projects/yeu/.hopweb/mysql/data/ib_buffer_pool
2024-04-29  7:43:57 0 [Note] Plugin 'FEEDBACK' is disabled.
2024-04-29  7:43:57 0 [Note] InnoDB: Buffer pool(s) load completed at 240429  7:43:57
2024-04-29  7:43:57 0 [Note] Server socket created on IP: '::'.
2024-04-29  7:43:57 0 [Note] Server socket created on IP: '0.0.0.0'.
2024-04-29  7:43:57 0 [Note] /data/app/com.venter.hopweb-tCZ6tUiUOAfQNs7tfMxuIg==/lib/arm64/libmariadbd-10.11.4.so: ready for connections.
Version: '10.11.4-MariaDB'  socket: '/data/data/com.venter.hopweb/files/mysql/mysql.sock'  port: 3306  MariaDB Server
2024-04-29  7:48:40 0 [Note] Starting MariaDB 10.11.4-MariaDB source revision 4e2b93dffef2414a11ca5edc8d215f57ee5010e5 as process 19947
2024-04-29  7:48:40 0 [Note] InnoDB: Compressed tables use zlib 1.2.13
2024-04-29  7:48:40 0 [Note] InnoDB: Number of transaction pools: 1
2024-04-29  7:48:40 0 [Note] InnoDB: Using generic crc32 instructions
2024-04-29  7:48:40 0 [Note] libmariadbd-10.11.4.so: O_TMPFILE is not supported on /storage/emulated/0/Venter/HopWeb/Projects/yeu/.hopweb/mysql/tmp (disabling future attempts)
2024-04-29  7:48:40 0 [Note] InnoDB: Initializing buffer pool, total size = 128.000MiB, chunk size = 2.000MiB
2024-04-29  7:48:40 0 [Note] InnoDB: Completed initialization of buffer pool
2024-04-29  7:48:40 0 [Note] InnoDB: Buffered log writes (block size=512 bytes)
2024-04-29  7:48:40 0 [Note] InnoDB: Starting crash recovery from checkpoint LSN=46590
2024-04-29  7:48:40 0 [Note] InnoDB: Starting final batch to recover 8 pages from redo log.
2024-04-29  7:48:40 0 [Note] InnoDB: 128 rollback segments are active.
2024-04-29  7:48:40 0 [Note] InnoDB: Removed temporary tablespace data file: "./ibtmp1"
2024-04-29  7:48:40 0 [Note] InnoDB: Setting file './ibtmp1' size to 12.000MiB. Physically writing the file full; Please wait ...
2024-04-29  7:48:40 0 [Note] InnoDB: File './ibtmp1' size is now 12.000MiB.
2024-04-29  7:48:40 0 [Note] InnoDB: log sequence number 47094; transaction id 16
2024-04-29  7:48:40 0 [Note] InnoDB: Loading buffer pool(s) from /storage/emulated/0/Venter/HopWeb/Projects/yeu/.hopweb/mysql/data/ib_buffer_pool
2024-04-29  7:48:40 0 [Note] Plugin 'FEEDBACK' is disabled.
2024-04-29  7:48:40 0 [Note] InnoDB: Buffer pool(s) load completed at 240429  7:48:40
2024-04-29  7:48:40 0 [Note] Server socket created on IP: '::'.
2024-04-29  7:48:40 0 [Note] Server socket created on IP: '0.0.0.0'.
2024-04-29  7:48:40 0 [Note] /data/app/com.venter.hopweb-tCZ6tUiUOAfQNs7tfMxuIg==/lib/arm64/libmariadbd-10.11.4.so: ready for connections.
Version: '10.11.4-MariaDB'  socket: '/data/data/com.venter.hopweb/files/mysql/mysql.sock'  port: 3306  MariaDB Server
2024-04-29  7:51:41 0 [Note] Starting MariaDB 10.11.4-MariaDB source revision 4e2b93dffef2414a11ca5edc8d215f57ee5010e5 as process 21263
2024-04-29  7:51:41 0 [Note] InnoDB: Compressed tables use zlib 1.2.13
2024-04-29  7:51:41 0 [Note] InnoDB: Number of transaction pools: 1
2024-04-29  7:51:41 0 [Note] InnoDB: Using generic crc32 instructions
2024-04-29  7:51:41 0 [Note] libmariadbd-10.11.4.so: O_TMPFILE is not supported on /storage/emulated/0/Venter/HopWeb/Projects/yeu/.hopweb/mysql/tmp (disabling future attempts)
2024-04-29  7:51:41 0 [Note] InnoDB: Initializing buffer pool, total size = 128.000MiB, chunk size = 2.000MiB
2024-04-29  7:51:41 0 [Note] InnoDB: Completed initialization of buffer pool
2024-04-29  7:51:41 0 [Note] InnoDB: Buffered log writes (block size=512 bytes)
2024-04-29  7:51:41 0 [Note] InnoDB: Starting crash recovery from checkpoint LSN=46590
2024-04-29  7:51:41 0 [Note] InnoDB: Starting final batch to recover 8 pages from redo log.
2024-04-29  7:51:41 0 [Note] InnoDB: 128 rollback segments are active.
2024-04-29  7:51:41 0 [Note] InnoDB: Removed temporary tablespace data file: "./ibtmp1"
2024-04-29  7:51:41 0 [Note] InnoDB: Setting file './ibtmp1' size to 12.000MiB. Physically writing the file full; Please wait ...
2024-04-29  7:51:41 0 [Note] InnoDB: File './ibtmp1' size is now 12.000MiB.
2024-04-29  7:51:41 0 [Note] InnoDB: log sequence number 47110; transaction id 16
2024-04-29  7:51:41 0 [Note] InnoDB: Loading buffer pool(s) from /storage/emulated/0/Venter/HopWeb/Projects/yeu/.hopweb/mysql/data/ib_buffer_pool
2024-04-29  7:51:41 0 [Note] Plugin 'FEEDBACK' is disabled.
2024-04-29  7:51:41 0 [Note] InnoDB: Buffer pool(s) load completed at 240429  7:51:41
2024-04-29  7:51:41 0 [Note] Server socket created on IP: '::'.
2024-04-29  7:51:41 0 [Note] Server socket created on IP: '0.0.0.0'.
2024-04-29  7:51:41 0 [Note] /data/app/com.venter.hopweb-tCZ6tUiUOAfQNs7tfMxuIg==/lib/arm64/libmariadbd-10.11.4.so: ready for connections.
Version: '10.11.4-MariaDB'  socket: '/data/data/com.venter.hopweb/files/mysql/mysql.sock'  port: 3306  MariaDB Server
2024-04-29  7:53:04 0 [Note] Starting MariaDB 10.11.4-MariaDB source revision 4e2b93dffef2414a11ca5edc8d215f57ee5010e5 as process 22171
2024-04-29  7:53:04 0 [Note] InnoDB: Compressed tables use zlib 1.2.13
2024-04-29  7:53:04 0 [Note] InnoDB: Number of transaction pools: 1
2024-04-29  7:53:04 0 [Note] InnoDB: Using generic crc32 instructions
2024-04-29  7:53:04 0 [Note] libmariadbd-10.11.4.so: O_TMPFILE is not supported on /storage/emulated/0/Venter/HopWeb/Projects/yeu/.hopweb/mysql/tmp (disabling future attempts)
2024-04-29  7:53:04 0 [Note] InnoDB: Initializing buffer pool, total size = 128.000MiB, chunk size = 2.000MiB
2024-04-29  7:53:04 0 [Note] InnoDB: Completed initialization of buffer pool
2024-04-29  7:53:04 0 [Note] InnoDB: Buffered log writes (block size=512 bytes)
2024-04-29  7:53:04 0 [Note] InnoDB: Starting crash recovery from checkpoint LSN=46590
2024-04-29  7:53:04 0 [Note] InnoDB: Starting final batch to recover 8 pages from redo log.
2024-04-29  7:53:04 0 [Note] InnoDB: 128 rollback segments are active.
2024-04-29  7:53:04 0 [Note] InnoDB: Removed temporary tablespace data file: "./ibtmp1"
2024-04-29  7:53:04 0 [Note] InnoDB: Setting file './ibtmp1' size to 12.000MiB. Physically writing the file full; Please wait ...
2024-04-29  7:53:04 0 [Note] InnoDB: File './ibtmp1' size is now 12.000MiB.
2024-04-29  7:53:04 0 [Note] InnoDB: log sequence number 47126; transaction id 16
2024-04-29  7:53:04 0 [Note] Plugin 'FEEDBACK' is disabled.
2024-04-29  7:53:04 0 [Note] InnoDB: Loading buffer pool(s) from /storage/emulated/0/Venter/HopWeb/Projects/yeu/.hopweb/mysql/data/ib_buffer_pool
2024-04-29  7:53:04 0 [Note] InnoDB: Buffer pool(s) load completed at 240429  7:53:04
2024-04-29  7:53:04 0 [Note] Server socket created on IP: '::'.
2024-04-29  7:53:04 0 [Note] Server socket created on IP: '0.0.0.0'.
2024-04-29  7:53:04 0 [Note] /data/app/com.venter.hopweb-tCZ6tUiUOAfQNs7tfMxuIg==/lib/arm64/libmariadbd-10.11.4.so: ready for connections.
Version: '10.11.4-MariaDB'  socket: '/data/data/com.venter.hopweb/files/mysql/mysql.sock'  port: 3306  MariaDB Server
2024-04-29  7:54:42 0 [Note] Starting MariaDB 10.11.4-MariaDB source revision 4e2b93dffef2414a11ca5edc8d215f57ee5010e5 as process 23206
2024-04-29  7:54:42 0 [Note] InnoDB: Compressed tables use zlib 1.2.13
2024-04-29  7:54:42 0 [Note] InnoDB: Number of transaction pools: 1
2024-04-29  7:54:42 0 [Note] InnoDB: Using generic crc32 instructions
2024-04-29  7:54:42 0 [Note] libmariadbd-10.11.4.so: O_TMPFILE is not supported on /storage/emulated/0/Venter/HopWeb/Projects/yeu/.hopweb/mysql/tmp (disabling future attempts)
2024-04-29  7:54:42 0 [Note] InnoDB: Initializing buffer pool, total size = 128.000MiB, chunk size = 2.000MiB
2024-04-29  7:54:42 0 [Note] InnoDB: Completed initialization of buffer pool
2024-04-29  7:54:42 0 [Note] InnoDB: Buffered log writes (block size=512 bytes)
2024-04-29  7:54:42 0 [Note] InnoDB: Starting crash recovery from checkpoint LSN=46590
2024-04-29  7:54:42 0 [Note] InnoDB: Starting final batch to recover 8 pages from redo log.
2024-04-29  7:54:42 0 [Note] InnoDB: 128 rollback segments are active.
2024-04-29  7:54:42 0 [Note] InnoDB: Removed temporary tablespace data file: "./ibtmp1"
2024-04-29  7:54:42 0 [Note] InnoDB: Setting file './ibtmp1' size to 12.000MiB. Physically writing the file full; Please wait ...
2024-04-29  7:54:42 0 [Note] InnoDB: File './ibtmp1' size is now 12.000MiB.
2024-04-29  7:54:42 0 [Note] InnoDB: log sequence number 47142; transaction id 16
2024-04-29  7:54:42 0 [Note] InnoDB: Loading buffer pool(s) from /storage/emulated/0/Venter/HopWeb/Projects/yeu/.hopweb/mysql/data/ib_buffer_pool
2024-04-29  7:54:42 0 [Note] Plugin 'FEEDBACK' is disabled.
2024-04-29  7:54:42 0 [Note] InnoDB: Buffer pool(s) load completed at 240429  7:54:42
2024-04-29  7:54:42 0 [Note] Server socket created on IP: '::'.
2024-04-29  7:54:42 0 [Note] Server socket created on IP: '0.0.0.0'.
2024-04-29  7:54:42 0 [Note] /data/app/com.venter.hopweb-tCZ6tUiUOAfQNs7tfMxuIg==/lib/arm64/libmariadbd-10.11.4.so: ready for connections.
Version: '10.11.4-MariaDB'  socket: '/data/data/com.venter.hopweb/files/mysql/mysql.sock'  port: 3306  MariaDB Server
2024-04-29  8:07:54 0 [Note] Starting MariaDB 10.11.4-MariaDB source revision 4e2b93dffef2414a11ca5edc8d215f57ee5010e5 as process 28509
2024-04-29  8:07:54 0 [Note] InnoDB: Compressed tables use zlib 1.2.13
2024-04-29  8:07:54 0 [Note] InnoDB: Number of transaction pools: 1
2024-04-29  8:07:54 0 [Note] InnoDB: Using generic crc32 instructions
2024-04-29  8:07:54 0 [Note] libmariadbd-10.11.4.so: O_TMPFILE is not supported on /storage/emulated/0/Venter/HopWeb/Projects/yeu/.hopweb/mysql/tmp (disabling future attempts)
2024-04-29  8:07:54 0 [Note] InnoDB: Initializing buffer pool, total size = 128.000MiB, chunk size = 2.000MiB
2024-04-29  8:07:54 0 [Note] InnoDB: Completed initialization of buffer pool
2024-04-29  8:07:54 0 [Note] InnoDB: Buffered log writes (block size=512 bytes)
2024-04-29  8:07:54 0 [Note] InnoDB: Starting crash recovery from checkpoint LSN=46590
2024-04-29  8:07:54 0 [Note] InnoDB: Starting final batch to recover 8 pages from redo log.
2024-04-29  8:07:54 0 [Note] InnoDB: 128 rollback segments are active.
2024-04-29  8:07:54 0 [Note] InnoDB: Removed temporary tablespace data file: "./ibtmp1"
2024-04-29  8:07:54 0 [Note] InnoDB: Setting file './ibtmp1' size to 12.000MiB. Physically writing the file full; Please wait ...
2024-04-29  8:07:54 0 [Note] InnoDB: File './ibtmp1' size is now 12.000MiB.
2024-04-29  8:07:54 0 [Note] InnoDB: log sequence number 47158; transaction id 16
2024-04-29  8:07:54 0 [Note] Plugin 'FEEDBACK' is disabled.
2024-04-29  8:07:54 0 [Note] InnoDB: Loading buffer pool(s) from /storage/emulated/0/Venter/HopWeb/Projects/yeu/.hopweb/mysql/data/ib_buffer_pool
2024-04-29  8:07:54 0 [Note] InnoDB: Buffer pool(s) load completed at 240429  8:07:54
2024-04-29  8:07:54 0 [Note] Server socket created on IP: '::'.
2024-04-29  8:07:54 0 [Note] Server socket created on IP: '0.0.0.0'.
2024-04-29  8:07:54 0 [Note] /data/app/com.venter.hopweb-tCZ6tUiUOAfQNs7tfMxuIg==/lib/arm64/libmariadbd-10.11.4.so: ready for connections.
Version: '10.11.4-MariaDB'  socket: '/data/data/com.venter.hopweb/files/mysql/mysql.sock'  port: 3306  MariaDB Server
2024-04-29  8:11:13 0 [Note] Starting MariaDB 10.11.4-MariaDB source revision 4e2b93dffef2414a11ca5edc8d215f57ee5010e5 as process 31182
2024-04-29  8:11:13 0 [Note] InnoDB: Compressed tables use zlib 1.2.13
2024-04-29  8:11:13 0 [Note] InnoDB: Number of transaction pools: 1
2024-04-29  8:11:13 0 [Note] InnoDB: Using generic crc32 instructions
2024-04-29  8:11:13 0 [Note] libmariadbd-10.11.4.so: O_TMPFILE is not supported on /storage/emulated/0/Venter/HopWeb/Projects/yeu/.hopweb/mysql/tmp (disabling future attempts)
2024-04-29  8:11:13 0 [Note] InnoDB: Initializing buffer pool, total size = 128.000MiB, chunk size = 2.000MiB
2024-04-29  8:11:13 0 [Note] InnoDB: Completed initialization of buffer pool
2024-04-29  8:11:13 0 [Note] InnoDB: Buffered log writes (block size=512 bytes)
2024-04-29  8:11:13 0 [Note] InnoDB: Starting crash recovery from checkpoint LSN=46590
2024-04-29  8:11:13 0 [Note] InnoDB: Starting final batch to recover 8 pages from redo log.
2024-04-29  8:11:13 0 [Note] InnoDB: 128 rollback segments are active.
2024-04-29  8:11:13 0 [Note] InnoDB: Removed temporary tablespace data file: "./ibtmp1"
2024-04-29  8:11:13 0 [Note] InnoDB: Setting file './ibtmp1' size to 12.000MiB. Physically writing the file full; Please wait ...
2024-04-29  8:11:13 0 [Note] InnoDB: File './ibtmp1' size is now 12.000MiB.
2024-04-29  8:11:13 0 [Note] InnoDB: log sequence number 47174; transaction id 16
2024-04-29  8:11:13 0 [Note] InnoDB: Loading buffer pool(s) from /storage/emulated/0/Venter/HopWeb/Projects/yeu/.hopweb/mysql/data/ib_buffer_pool
2024-04-29  8:11:13 0 [Note] Plugin 'FEEDBACK' is disabled.
2024-04-29  8:11:13 0 [Note] InnoDB: Buffer pool(s) load completed at 240429  8:11:13
2024-04-29  8:11:13 0 [Note] Server socket created on IP: '::'.
2024-04-29  8:11:13 0 [Note] Server socket created on IP: '0.0.0.0'.
2024-04-29  8:11:13 0 [Note] /data/app/com.venter.hopweb-tCZ6tUiUOAfQNs7tfMxuIg==/lib/arm64/libmariadbd-10.11.4.so: ready for connections.
Version: '10.11.4-MariaDB'  socket: '/data/data/com.venter.hopweb/files/mysql/mysql.sock'  port: 3306  MariaDB Server
2024-04-29  8:45:31 0 [Note] Starting MariaDB 10.11.4-MariaDB source revision 4e2b93dffef2414a11ca5edc8d215f57ee5010e5 as process 5708
2024-04-29  8:45:31 0 [Note] InnoDB: Compressed tables use zlib 1.2.13
2024-04-29  8:45:31 0 [Note] InnoDB: Number of transaction pools: 1
2024-04-29  8:45:31 0 [Note] InnoDB: Using generic crc32 instructions
2024-04-29  8:45:31 0 [Note] libmariadbd-10.11.4.so: O_TMPFILE is not supported on /storage/emulated/0/Venter/HopWeb/Projects/yeu/.hopweb/mysql/tmp (disabling future attempts)
2024-04-29  8:45:31 0 [Note] InnoDB: Initializing buffer pool, total size = 128.000MiB, chunk size = 2.000MiB
2024-04-29  8:45:31 0 [Note] InnoDB: Completed initialization of buffer pool
2024-04-29  8:45:31 0 [Note] InnoDB: Buffered log writes (block size=512 bytes)
2024-04-29  8:45:31 0 [Note] InnoDB: Starting crash recovery from checkpoint LSN=46590
2024-04-29  8:45:31 0 [Note] InnoDB: Starting final batch to recover 8 pages from redo log.
2024-04-29  8:45:31 0 [Note] InnoDB: 128 rollback segments are active.
2024-04-29  8:45:31 0 [Note] InnoDB: Removed temporary tablespace data file: "./ibtmp1"
2024-04-29  8:45:31 0 [Note] InnoDB: Setting file './ibtmp1' size to 12.000MiB. Physically writing the file full; Please wait ...
2024-04-29  8:45:32 0 [Note] InnoDB: File './ibtmp1' size is now 12.000MiB.
2024-04-29  8:45:32 0 [Note] InnoDB: log sequence number 47190; transaction id 16
2024-04-29  8:45:32 0 [Note] Plugin 'FEEDBACK' is disabled.
2024-04-29  8:45:32 0 [Note] InnoDB: Loading buffer pool(s) from /storage/emulated/0/Venter/HopWeb/Projects/yeu/.hopweb/mysql/data/ib_buffer_pool
2024-04-29  8:45:32 0 [Note] InnoDB: Buffer pool(s) load completed at 240429  8:45:32
2024-04-29  8:45:32 0 [Note] Server socket created on IP: '::'.
2024-04-29  8:45:32 0 [Note] Server socket created on IP: '0.0.0.0'.
2024-04-29  8:45:32 0 [Note] /data/app/com.venter.hopweb-tCZ6tUiUOAfQNs7tfMxuIg==/lib/arm64/libmariadbd-10.11.4.so: ready for connections.
Version: '10.11.4-MariaDB'  socket: '/data/data/com.venter.hopweb/files/mysql/mysql.sock'  port: 3306  MariaDB Server
2024-04-29  8:47:44 0 [Note] Starting MariaDB 10.11.4-MariaDB source revision 4e2b93dffef2414a11ca5edc8d215f57ee5010e5 as process 8758
2024-04-29  8:47:44 0 [Note] InnoDB: Compressed tables use zlib 1.2.13
2024-04-29  8:47:44 0 [Note] InnoDB: Number of transaction pools: 1
2024-04-29  8:47:44 0 [Note] InnoDB: Using generic crc32 instructions
2024-04-29  8:47:44 0 [Note] libmariadbd-10.11.4.so: O_TMPFILE is not supported on /storage/emulated/0/Venter/HopWeb/Projects/yeu/.hopweb/mysql/tmp (disabling future attempts)
2024-04-29  8:47:44 0 [Note] InnoDB: Initializing buffer pool, total size = 128.000MiB, chunk size = 2.000MiB
2024-04-29  8:47:44 0 [Note] InnoDB: Completed initialization of buffer pool
2024-04-29  8:47:44 0 [Note] InnoDB: Buffered log writes (block size=512 bytes)
2024-04-29  8:47:44 0 [Note] InnoDB: Starting crash recovery from checkpoint LSN=46590
2024-04-29  8:47:44 0 [Note] InnoDB: Starting final batch to recover 8 pages from redo log.
2024-04-29  8:47:44 0 [Note] InnoDB: 128 rollback segments are active.
2024-04-29  8:47:44 0 [Note] InnoDB: Removed temporary tablespace data file: "./ibtmp1"
2024-04-29  8:47:44 0 [Note] InnoDB: Setting file './ibtmp1' size to 12.000MiB. Physically writing the file full; Please wait ...
2024-04-29  8:47:45 0 [Note] InnoDB: File './ibtmp1' size is now 12.000MiB.
2024-04-29  8:47:45 0 [Note] InnoDB: log sequence number 47206; transaction id 16
2024-04-29  8:47:45 0 [Note] InnoDB: Loading buffer pool(s) from /storage/emulated/0/Venter/HopWeb/Projects/yeu/.hopweb/mysql/data/ib_buffer_pool
2024-04-29  8:47:45 0 [Note] InnoDB: Buffer pool(s) load completed at 240429  8:47:45
2024-04-29  8:47:45 0 [Note] Plugin 'FEEDBACK' is disabled.
2024-04-29  8:47:45 0 [Note] Server socket created on IP: '::'.
2024-04-29  8:47:45 0 [Note] Server socket created on IP: '0.0.0.0'.
2024-04-29  8:47:45 0 [Note] /data/app/com.venter.hopweb-tCZ6tUiUOAfQNs7tfMxuIg==/lib/arm64/libmariadbd-10.11.4.so: ready for connections.
Version: '10.11.4-MariaDB'  socket: '/data/data/com.venter.hopweb/files/mysql/mysql.sock'  port: 3306  MariaDB Server
